platform is Linux.x86_64
 
===============================================================================
                            Software Metrics Report
===============================================================================
 
Lines of source code:
---------------------
 
		Pure	Pure	Both		Total	Total	Total
		Code	Comment	Cod&Com	Blank	Code	Comment	Lines	Pages

Utilities/Assertions.h	2607	370	8	642	2615	378	3627	65
Utilities/BasicNumerics.c	776	536	38	392	814	574	1742	32
Utilities/BasicNumerics.h	183	141	7	66	190	148	397	8
Utilities/DateTime.c	596	208	25	258	621	233	1087	20
Utilities/DateTime.h	50	22	5	37	55	27	114	3
Utilities/elevation.c	325	83	9	94	334	92	511	10
Utilities/Failure.c	233	169	31	143	264	200	576	11
Utilities/Failure.h	32	201	3	16	35	204	252	5
Utilities/Grid.c	2448	638	105	711	2553	743	3902	70
Utilities/Grid.h	115	253	14	49	129	267	431	8
Utilities/Lambert.c	363	145	33	193	396	178	734	14
Utilities/Lambert.h	22	86	2	20	24	88	130	3
Utilities/Memory.c	152	111	16	72	168	127	351	7
Utilities/Memory.h	43	71	3	33	46	74	150	3
Utilities/Mercator.c	257	129	16	166	273	145	568	11
Utilities/Mercator.h	19	80	2	20	21	82	121	3
Utilities/Projector.c	167	77	5	69	172	82	318	6
Utilities/Projector.h	139	52	3	27	142	55	221	4
Utilities/RegridQuadrilaterals.c	914	335	47	261	961	382	1557	28
Utilities/RegridQuadrilaterals.h	71	9	2	19	73	11	101	2
Utilities/Stereographic.c	617	169	35	244	652	204	1065	20
Utilities/Stereographic.h	24	80	2	20	26	82	126	3
Utilities/Stream.c	1863	1192	111	828	1974	1303	3994	72
Utilities/Stream.h	60	56	11	37	71	67	164	3
Utilities/Utilities.c	361	158	18	174	379	176	711	13
Utilities/Utilities.h	55	6	4	35	59	10	100	2
Utilities/VoidContainer.h	25	33	3	18	28	36	79	2
Utilities/VoidList.c	683	264	44	254	727	308	1245	23
Utilities/VoidList.h	25	175	4	21	29	179	225	5
Aircraft.c	1477	306	54	443	1531	360	2280	41
CALIPSO.c	1528	270	58	471	1586	328	2327	42
CMAQ.c		876	149	28	277	904	177	1330	24
fdd.c		929	253	53	346	982	306	1581	29
GASP.c		1094	208	42	430	1136	250	1774	32
Grid.c		1169	289	42	381	1211	331	1881	34
Helpers.c	949	300	31	397	980	331	1677	30
Helpers.h	90	13	4	56	94	17	163	3
M3IO.c		664	146	24	204	688	170	1038	19
M3IO.h		51	11	4	16	55	15	82	2
netcdf.h	1035	374	137	432	1172	511	1978	36
NetCDFUtilities.c	622	208	11	223	633	219	1064	19
NetCDFUtilities.h	71	11	2	29	73	13	113	3
Parameters.h	13	13	26	17	39	39	69	2
Point.c		1455	366	38	431	1493	404	2290	41
Profile.c	1248	283	52	405	1300	335	1988	36
Site.c		1252	267	43	423	1295	310	1985	36
Swath.c		1962	404	66	595	2028	470	3027	55
Utilities.c	462	128	26	151	488	154	767	14
XDRConvert.c	811	149	20	242	831	169	1222	22

ALL:		30983	9997	1367	10888	32350	11364	53235	976
 
Fan-out: 7 BasicNumerics Grid Helpers M3IO NetCDFUtilities Parameters Utilities
 
Halstead Metrics:
-----------------
 
FileName                            Length     Volume  Level     Discr. Defect
------------------------------------------------------------------------------
Utilities/Assertions.h               66325     609515  0.001  456146148    203
Utilities/BasicNumerics.c             6333      52174  0.003   14996481     17
Utilities/BasicNumerics.h             1382      10807  0.018     611230      4
Utilities/DateTime.c                  3982      31364  0.005    6343828     10
Utilities/DateTime.h                   386       2565  0.040      64366      1
Utilities/elevation.c                 2456      18239  0.005    3385923      6
Utilities/Failure.c                   1332       9847  0.013     733280      3
Utilities/Failure.h                    203       1168  0.055      21118      0
Utilities/Grid.c                     18020     164741  0.002   79798418     55
Utilities/Grid.h                       939       6884  0.025     272535      2
Utilities/Lambert.c                   2897      21538  0.007    3140377      7
Utilities/Lambert.h                     99        530  0.061       8656      0
Utilities/Memory.c                    1006       7119  0.013     548184      2
Utilities/Memory.h                     459       2744  0.029      94928      1
Utilities/Mercator.c                  1848      13175  0.009    1403244      4
Utilities/Mercator.h                    66        333  0.073       4578      0
Utilities/Projector.c                 1194       8247  0.011     730382      3
Utilities/Projector.h                  870       6999  0.050     140259      2
Utilities/RegridQuadrilaterals.c      6230      50613  0.003   15360139     17
Utilities/RegridQuadrilaterals.h       347       2134  0.041      52181      1
Utilities/Stereographic.c             4413      34073  0.004    8556162     11
Utilities/Stereographic.h               84        444  0.067       6640      0
Utilities/Stream.c                   14742     133252  0.002   53822364     44
Utilities/Stream.h                     797       5260  0.024     219327      2
Utilities/Utilities.c                 2523      19137  0.008    2431117      6
Utilities/Utilities.h                  449       3085  0.042      74228      1
Utilities/VoidContainer.h              198       1100  0.042      26395      0
Utilities/VoidList.c                  5005      37577  0.003   11000077     13
Utilities/VoidList.h                   174        982  0.041      24029      0
Aircraft.c                            9365      81084  0.004   20890002     27
CALIPSO.c                             9616      83960  0.004   21416234     28
CMAQ.c                                5754      48289  0.005    9533706     16
fdd.c                                 6788      57339  0.003   17508235     19
GASP.c                                7304      61235  0.004   14389606     20
Grid.c                                7721      65188  0.004   15443219     22
Helpers.c                             6418      54133  0.005   11566274     18
Helpers.h                              712       5119  0.029     176233      2
M3IO.c                                4524      37117  0.006    6626493     12
M3IO.h                                 249       1440  0.040      36439      0
netcdf.h                              8298      81368  0.014    5683352     27
NetCDFUtilities.c                     3974      31422  0.005    5752333     10
NetCDFUtilities.h                      464       2974  0.028     107062      1
Parameters.h                           117        710  0.076       9386      0
Point.c                               9481      81500  0.004   22139981     27
Profile.c                             8038      68884  0.004   16637334     23
Site.c                                8291      70734  0.004   17854450     24
Swath.c                              12412     109673  0.003   35064574     37
Utilities.c                           2745      22171  0.006    3684092      7
XDRConvert.c                          5317      43624  0.005    8625079     15

ALL                                 262347    2263610  0.952  893160678    755
 
Per-function    LOC, Cyclomatic Complexity and Fan-out (function calls):
------------------------------------------------------------------------
 
File: Functions                                           LOC    Cyclo Fan-out
------------------------------------------------------------------------------
Utilities/Assertions.h:
    ~~~~~~~~~~~~~~~~~~~~~~~~~~~~~~Totals:                   0      0      0
Utilities/BasicNumerics.c:
    aboutEqual                                              5      1      2
    absI                                                    5      1      1
    allFinite                                               9      2      3
    allZero                                                 9      2      2
    allZeroI                                                9      2      2
    compress64BitValues                                     9      2      2
    decreasing                                              9      2      2
    degrees                                                 5      1      2
    expand32BitValues                                       9      2      1
    fillRandom                                              7      2      3
    fillRandomI                                             7      2      3
    filterNan                                               5      1      2
    filterNans                                              7      2      3
    increasing                                              9      2      2
    isFinite                                                6      1      2
    isInfinity                                              6      1      2
    isMinusInfinity                                         6      1      2
    isNan                                                   6      1      1
    isNanFree                                               9      2      3
    isSignedChar                                            5      1      2
    isSignedInt                                             5      1      2
    isSignedLong                                            5      1      2
    isSignedLongLong                                        5      1      2
    isSignedShort                                           5      1      2
    isSizet                                                 7      1      2
    isSorted                                                9      2      2
    isSortedI                                               9      2      2
    isUnsignedChar                                          5      1      2
    isUnsignedInt                                           7      1      2
    isUnsignedLong                                          7      1      2
    isUnsignedLongLong                                      8      1      2
    isUnsignedShort                                         7      1      2
    kahanSum                                               14      2      2
    maximumItem                                            12      3      2
    maximumItemI                                           12      3      2
    minimumItem                                            12      3      2
    minimumItemI                                           12      3      2
    radians                                                 5      1      2
    randomInteger                                           6      1      3
    reverseItems                                           12      2      1
    rotate4ByteArrayIfLittleEndian                         15      2      2
    rotate4ByteWordIfLittleEndian                          12      1      2
    rotate8ByteArrayIfLittleEndian                         19      2      2
    rotate8ByteWordIfLittleEndian                          16      1      2
    safeDifference                                          5      1      2
    safeProduct3                                            5      1      3
    safeProduct4                                            6      1      3
    safeProduct                                             5      2      2
    safeProduct5                                            6      1      3
    safeProduct6                                            7      1      3
    safeProduct7                                            7      1      3
    safeProduct8                                            7      1      3
    safeQuotient                                           10      1      2
    safeSum3                                                5      1      3
    safeSum4                                                5      1      3
    safeSum                                                 5      1      2
    safeSum5                                                6      1      3
    safeSum6                                                7      1      3
    safeSum7                                                7      1      3
    safeSum8                                                7      1      3
    shellsort                                              27      6      4
    shellsortI                                             27      6      4
    shuffle                                                13      2      5
    shuffleI                                               13      2      5
    sumI                                                    9      2      1
    toInteger                                              22      5      4
    toReal                                                 21      5      4
    ~~~~~~~~~~~~~~~~~~~~~~~~~~~~~~Totals:                 658    124    170
    windDirectionAndSpeed                                  12      1      5
    windUV                                                 13      1      5
    withinTolerance                                        33      8      4
Utilities/BasicNumerics.h:
    ~~~~~~~~~~~~~~~~~~~~~~~~~~~~~~Totals:                   0      0      0
Utilities/DateTime.c:
    convertYearMonthDay                                    15      2      3
    daysInMonth                                             6      1      3
    daysInRange                                            14      3      4
    decrementOneHour                                       20      3      3
    decrementTime                                          14      3      5
    decrementTimestamp                                     19      3      3
    fromSeconds                                            15      2      2
    fromUTCTimestamp                                       19      2      3
    hoursInRange                                           11      2      4
    incrementHour                                          21      4      2
    incrementOneHour                                       21      4      3
    incrementTime                                          24      4      3
    incrementTimestamp                                     19      3      2
    isLeapYear                                              5      3      2
    isValidDate                                             8      1      2
    isValidTime                                             9      1      2
    isValidTimestamp                                       13      1      2
    isValidTimestepSize                                     9      1      2
    isValidUTCTimestamp                                    19      3      3
    isValidYearMonthDay                                    11      1      2
    isValidYYYYMMDDHHMMSS                                  17      1      2
    monthAndDay                                            23      3      3
    nowUTC                                                 13      2      3
    offsetTimestamp                                        14      3      4
    parseTimeRange                                         13      2      3
    parseTimestamp                                         17      2      6
    previousDay                                            19      3      3
    timestampOfTargetSeconds                               40      8      4
    timestepsInRange                                       11      2      3
    ~~~~~~~~~~~~~~~~~~~~~~~~~~~~~~Totals:                 543     82     98
    totalSeconds                                           42      6      4
    toUTCTimestamp                                         15      1      4
    toUTCTimestamp2                                        14      1      3
    toYYYYMMDDHHMMSS                                       13      1      3
Utilities/DateTime.h:
    ~~~~~~~~~~~~~~~~~~~~~~~~~~~~~~Totals:                   0      0      0
Utilities/elevation.c:
    allocate                                               18      4      5
    closeElevationFiles                                    13      3      3
    elevationAt                                            36      5      6
    readElevationFile                                      65      7      9
    readElevationFileHeader                                60      3      6
    rotate4ByteArrayIfLittleEndian                         16      2      2
    selectElevationFile                                    21      3      1
    ~~~~~~~~~~~~~~~~~~~~~~~~~~~~~~Totals:                 229     27     30
Utilities/Failure.c:
    failureCallingEnabled                                   4      1      0
    failureCount                                            5      1      1
    failureDisableCalling                                   4      1      1
    failureDisableLogging                                   4      1      1
    failureDisableRinging                                   4      1      1
    failureDisableVerbose                                   4      1      1
    failureEnableCalling                                    4      1      1
    failureEnableLogging                                    4      1      1
    failureEnableRinging                                    4      1      1
    failureEnableVerbose                                    4      1      1
    failureHandler                                          4      1      0
    failureLogFile                                          5      1      2
    failureLoggingEnabled                                   4      1      0
    failureMessage                                         68     10     15
    failureProgramName                                      5      1      0
    failureRingingEnabled                                   4      1      0
    failureSetHandler                                       4      1      1
    failureSetLogFile                                       4      1      2
    failureSetProgramName                                   4      1      2
    failureVerboseEnabled                                   4      1      0
    infoLogFile                                             5      1      2
    infoMessage                                            33      7     12
    infoSetLogFile                                          4      1      2
    my_vnsprintf                                           19      3      7
    ~~~~~~~~~~~~~~~~~~~~~~~~~~~~~~Totals:                 208     41     47
Utilities/Failure.h:
    ~~~~~~~~~~~~~~~~~~~~~~~~~~~~~~Totals:                   0      0      0
Utilities/Grid.c:
    aggregate                                              77     11     13
    aggregateCellData                                     117     19     13
    assignMembers                                          24      1      2
    binElevation                                           22      3      3
    cellHeight                                              5      1      2
    cellWidth                                               5      1      2
    clone                                                  27      3      7
    columns                                                 5      1      2
    commonPreAggregator                                    10      1      2
    computeLongitudesAndLatitudes                          40      5      6
    computeZ                                               40     10      6
    elevation                                               8      1      2
    elevationsAtSigmaPressures                             22      2      5
    equal                                                  36      1      3
    finalizeCells                                           9      2      4
    free__                                                 11      2      4
    hasMembers                                             26      1      3
    heightAtPressure                                       11      2      2
    initializeCells                                        10      2      4
    invariant                                              64      1      2
    latitude                                                8      1      2
    layers                                                  5      1      2
    level                                                   6      1      2
    lockCell                                                2      1      0
    longitude                                               8      1      2
    meanAggregator                                         23      3      2
    nearestAggregator                                      14      3      3
    nearestPreAggregator                                    6      1      4
    newGrid                                                77      5     10
    newSubsetGrid                                          17      1      4
    parseCentralLongitudeAndLatitude                       24      5      5
    parseEllipsoid                                         25      5      5
    parseGrid                                              81     12     11
    parseLambert                                           45      8      7
    parseLayers                                            88     18     11
    parseMercator                                          21      4      4
    parseProjection                                        59     12     10
    parseStereographic                                     21      4      5
    postNull                                                2      1      0
    pressureAtSigmaLevel                                    6      1      1
    projector                                               5      1      2
    projectXY                                              77      9     10
    projectZ                                               46      8      5
    radiusSquared                                           8      2      3
    regrid                                                129     18     14
    regridSwath                                            63      5     12
    rows                                                    5      1      2
    southEdge                                               5      1      2
    surfaceIndex                                           19      4      2
    surfacePointData                                       17      4      3
    ~~~~~~~~~~~~~~~~~~~~~~~~~~~~~~Totals:                1602    230    251
    unlockCell                                              2      1      0
    weightedAggregator                                     18      3      3
    weightedPostAggregator                                  7      2      2
    weightedPreAggregator                                  13      2      4
    westEdge                                                5      1      2
    writeProjectionAndGrid                                 68      8     11
    zeroUnused                                              8      2      2
Utilities/Grid.h:
    OR2                                                     2      1      0
    ~~~~~~~~~~~~~~~~~~~~~~~~~~~~~~Totals:                   2      1      0
Utilities/Lambert.c:
    assignMembers                                          20      1      2
    centralLatitude                                         5      1      2
    centralLongitude                                        5      1      2
    clone                                                  10      1      3
    computeDerivedTerms                                    51      6     13
    ellipsoid                                               6      1      2
    equal                                                  15      1      3
    falseEasting                                            5      1      2
    falseNorthing                                           5      1      2
    free__                                                  5      1      3
    hasMembers                                             22      1      3
    invariant                                              22      1      2
    lowerLatitude                                           5      1      2
    name                                                    5      1      2
    newLambert                                             24      3      6
    project                                                30      5      7
    setEllipsoid                                            6      1      2
    setFalseEasting                                         4      1      2
    setFalseNorthing                                        4      1      2
    ~~~~~~~~~~~~~~~~~~~~~~~~~~~~~~Totals:                 290     38     60
    unproject                                              36      7      9
    upperLatitude                                           5      1      2
Utilities/Lambert.h:
    ~~~~~~~~~~~~~~~~~~~~~~~~~~~~~~Totals:                   0      0      0
Utilities/Memory.c:
    available                                               8      2      1
    available_bytes                                        17      5      2
    available_bytes                                         2      1      0
    available_bytes                                         7      1      2
    available_bytes                                         7      1      2
    freeMemory                                              6      1      3
    newMemory                                              22      5      5
    resizeMemory                                           43      7     10
    setCountDownToFailMemory                                4      1      1
    ~~~~~~~~~~~~~~~~~~~~~~~~~~~~~~Totals:                 116     24     26
Utilities/Memory.h:
    ~~~~~~~~~~~~~~~~~~~~~~~~~~~~~~Totals:                   0      0      0
Utilities/Mercator.c:
    assignMembers                                          18      1      2
    centralLatitude                                         5      1      2
    centralLongitude                                        5      1      2
    clone                                                   9      1      3
    computeDerivedTerms                                    11      1      4
    ellipsoid                                               6      1      2
    equal                                                  12      1      3
    falseEasting                                            5      1      2
    falseNorthing                                           5      1      2
    free__                                                  5      1      3
    hasMembers                                             20      1      3
    invariant                                              14      1      2
    name                                                    5      1      2
    newMercator                                            21      3      6
    project                                                27      6      5
    setEllipsoid                                            6      1      2
    setFalseEasting                                         4      1      2
    setFalseNorthing                                        4      1      2
    ~~~~~~~~~~~~~~~~~~~~~~~~~~~~~~Totals:                 202     28     52
    unproject                                              20      3      7
Utilities/Mercator.h:
    ~~~~~~~~~~~~~~~~~~~~~~~~~~~~~~Totals:                   0      0      0
Utilities/Projector.c:
    isValidEllipsoid                                       12      1      2
    isValidLatitude                                         6      1      2
    isValidLongitude                                        6      1      2
    isValidLongitudeLatitude                                6      1      2
    latitudeSphere                                         10      1      5
    latitudeWGS84                                          10      1      5
    msfn                                                    6      1      3
    phi2Iterate                                            20      2      5
    ssfn                                                   11      1      4
    ~~~~~~~~~~~~~~~~~~~~~~~~~~~~~~Totals:                 112     14     31
    tsfn                                                   11      1      4
    validLongitudesAndLatitudes                            14      3      2
Utilities/Projector.h:
    ~~~~~~~~~~~~~~~~~~~~~~~~~~~~~~Totals:                   0      0      0
Utilities/RegridQuadrilaterals.c:
    areaOfClippedQuadrilateral                             32      4      6
    areaOfQuadrilateral                                    12      1      1
    areaOfTriangle                                         12      1      1
    binQuadrilateralData                                   24      2      2
    boundsOverlap                                          10      4      0
    clipPolygon                                           150     38      3
    compactCells                                           52      6      3
    computeCellMeans                                       30      6      1
    computePolygonBounds                                   26      6      0
    cross2d                                                 9      1      0
    pointIsInsidePolygon                                   33      7      1
    projectAndOrReorderQuadrilateralVertices2              80      6      2
    projectAndOrReorderQuadrilateralVertices               74      6      2
    regridQuadrilateral                                   192     31      8
    signedAreaOfPolygon                                    14      2      1
    ~~~~~~~~~~~~~~~~~~~~~~~~~~~~~~Totals:                 750    121     28
Utilities/RegridQuadrilaterals.h:
    ~~~~~~~~~~~~~~~~~~~~~~~~~~~~~~Totals:                   0      0      0
Utilities/Stereographic.c:
    assignMembers                                          19      1      2
    centralLatitude                                         5      1      2
    centralLongitude                                        5      1      2
    clone                                                  10      1      3
    computeDerivedTerms                                    70      8     15
    ellipsoid                                               6      1      2
    equal                                                  14      1      3
    falseEasting                                            5      1      2
    falseNorthing                                           5      1      2
    free__                                                  5      1      3
    hasMembers                                             21      1      3
    invariant                                              16      1      2
    name                                                    5      1      2
    newStereographic                                       24      3      6
    project                                                29      2     11
    projectEllipsoid                                       37      4      7
    projectSphere                                          43      8      6
    secantLatitude                                          5      1      2
    setEllipsoid                                            6      1      2
    setFalseEasting                                         4      1      2
    setFalseNorthing                                        4      1      2
    ~~~~~~~~~~~~~~~~~~~~~~~~~~~~~~Totals:                 457     62     99
    unproject                                              26      4      8
    unprojectEllipsoid                                     51      8     10
    unprojectSphere                                        42      9     10
Utilities/Stereographic.h:
    ~~~~~~~~~~~~~~~~~~~~~~~~~~~~~~Totals:                   0      0      0
Utilities/Stream.c:
    allocate                                               63      2      4
    checkAndReport                                         10      2      2
    clampTo16BitInteger                                    13      2      3
    clampTo32BitInteger                                    14      2      3
    clampTo64BitInteger                                     4      1      2
    clampTo8BitInteger                                     10      2      3
    closeStream                                            24      4      9
    convertXDRRead32BitNonFinite                           25      7      2
    convertXDRRead64BitNonFinite                           19      7      2
    createClientSocket                                     42      6     12
    createServerSocket                                     55      9     15
    createSocket                                           30      6     10
    deallocate                                              9      1      6
    descriptor                                              5      1      3
    enablePortReusability                                   6      1      3
    ensureReadMode                                         10      2      5
    ensureWriteMode                                        10      2      5
    establishSocketProperty                                33      6      5
    file                                                    5      1      2
    fileOfSocket                                            9      2      3
    flushStream                                            10      2      4
    invariant                                              74      1      2
    isAtEnd                                                 8      1      4
    isBlocking                                              7      1      3
    isReadable                                              5      1      2
    isSeekable                                              8      1      3
    isWritable                                              8      1      3
    matchesWord                                            18      4      6
    name                                                    5      1      2
    newClientSocketStream                                   5      1      3
    newFileStream                                          38      7     12
    newPipeStream                                          24      3      9
    newServerSocketStream                                   5      1      3
    newSocketStream                                        35      4     13
    offset                                                  8      2      3
    ok                                                      5      1      2
    read16BitInteger                                       16      2      7
    read16BitIntegers                                      19      3      6
    read32BitInteger                                       18      2      7
    read32BitIntegers                                      21      3      6
    read32BitReal                                          17      4      7
    read32BitReals                                         26      6      9
    read64BitInteger                                       13      3      8
    read64BitIntegers                                      11      3      5
    read64BitReal                                          17      4      7
    read64BitReals                                         23      6      8
    read8BitInteger                                        10      1      6
    read8BitIntegers                                       15      3      4
    readByte                                               10      1      6
    readBytes                                              12      2      5
    readString                                             40      6     12
    readUpToNBytes                                         30      3      9
    readWord                                               19      3      8
    seekFromCurrent                                         5      1      4
    seekFromEnd                                             5      1      4
    seekFromStart                                           5      1      4
    seekStream                                             19      4      6
    setSocketBufferSize                                    12      2      3
    size                                                    9      2      2
    streamArrayBuffered                                    34      6     10
    swap8Bytes                                              6      2      2
    swapped8Bytes                                          13      1      2
    ~~~~~~~~~~~~~~~~~~~~~~~~~~~~~~Totals:                1328    209    460
    typeName                                                9      1      2
    write16BitInteger                                      13      1      9
    write16BitIntegers                                      5      1      4
    write32BitInteger                                      15      1      8
    write32BitIntegers                                      5      1      4
    write32BitReal                                         11      1      8
    write32BitReals                                        52      8     15
    write64BitInteger                                      10      1      8
    write64BitIntegers                                     17      4      9
    write64BitReal                                          9      1      8
    write64BitReals                                        24      5     10
    write8BitInteger                                       10      1      8
    write8BitIntegers                                       5      1      4
    writeByte                                               9      1      7
    writeBytes                                             13      3      8
    writeClampedCopy                                       26      4     12
    writeString                                            11      1      8
Utilities/Stream.h:
    ~~~~~~~~~~~~~~~~~~~~~~~~~~~~~~Totals:                   0      0      0
Utilities/Utilities.c:
    appendNote                                             22      6      3
    binIndex                                               14      3      2
    checkForTest                                            9      2      4
    controlMToSpace                                         9      3      2
    fileExists                                              6      1      3
    fileSize                                               15      3      3
    findLine                                               15      3      5
    indexOfString                                          13      3      2
    isValidArgs                                            16      4      2
    isValidBounds                                          12      1      2
    linesInString                                           9      2      2
    lowercase                                               7      2      2
    overlap                                                10      1      3
    parseArgument2                                         19      4      4
    parseBounds                                            25      3      7
    parseTimestampAndHours                                 38      6      6
    pointInDomain                                          11      1      3
    readFile                                               28      5     11
    skipLines                                              14      4      1
    startOfLineWithWord                                    13      4      3
    ~~~~~~~~~~~~~~~~~~~~~~~~~~~~~~Totals:                 320     65     70
    trimTrailingWhitespace                                  8      2      1
    uppercase                                               7      2      2
Utilities/Utilities.h:
    ~~~~~~~~~~~~~~~~~~~~~~~~~~~~~~Totals:                   0      0      0
Utilities/VoidContainer.h:
    ~~~~~~~~~~~~~~~~~~~~~~~~~~~~~~Totals:                   0      0      0
Utilities/VoidList.c:
    apply                                                  10      2      4
    cachedNode                                             21      7      2
    comparer                                                5      1      1
    count                                                   5      1      2
    deleter                                                 5      1      1
    equal                                                  20      4      3
    free__                                                 11      2      4
    freeNode                                                9      2      6
    has                                                     9      2      2
    hasPrivateDataAndMemberFunctions                       26      1      2
    index__                                                27      5      3
    indexedNode                                            10      2      4
    insert                                                 11      2      5
    insertNode                                             31      6      5
    invariant                                              55      8      4
    item                                                    6      1      3
    mergeSublists                                          37      8      6
    moveNode                                                8      1      5
    newNode                                                 8      2      3
    newVoidList                                            34      3      3
    ok                                                      5      1      2
    print                                                  87     10      2
    remove__                                               10      1      6
    removeAll                                              10      2      4
    removeNode                                             24      5      3
    replace                                                15      2      7
    setCache                                               26      6      2
    sort                                                   19      2      6
    sorted                                                 16      3      3
    swapPrivateContents                                     6      1      1
    ~~~~~~~~~~~~~~~~~~~~~~~~~~~~~~Totals:                 566     94    102
Utilities/VoidList.h:
    ~~~~~~~~~~~~~~~~~~~~~~~~~~~~~~Totals:                   0      0      0
Aircraft.c:
    compareRegriddedAircraft                               29      5      9
    compareRegriddedXDR                                    64      6      6
    copyDataForTimestamp                                   45      4      8
    deallocateAircraft                                     11      1      3
    dispatcher                                             24      4      2
    isValidAircraft                                        58      1      1
    isVectorVariable                                       13      1      3
    readRegriddedXDR                                       39     10     10
    readRegriddedXDRData                                   46     11     10
    readVariablesAndUnits2                                 44     10      9
    readXDR                                                36      9      7
    readXDRData                                            33      9      9
    regridAircraft                                         82      6     11
    ~~~~~~~~~~~~~~~~~~~~~~~~~~~~~~Totals:                1271    182    209
    translateAircraft                                      53      7     12
    writeASCII                                             13      3      6
    writeASCIIData                                         38      6      8
    writeASCIIHeader                                       23      5      2
    writeCOARDS                                            17      3      5
    writeCOARDSData                                        68      8     11
    writeCOARDSHeader                                      51      9      8
    writeRegriddedASCII                                   103     10     12
    writeRegriddedCOARDS                                   19      3      5
    writeRegriddedCOARDSData                               69     12     10
    writeRegriddedCOARDSHeader                             65     12      9
    writeRegriddedIOAPI                                    21      3      5
    writeRegriddedIOAPIData                                83      8     13
    writeRegriddedIOAPIHeader                              42      2     11
    writeRegriddedXDR                                      82     14     12
CALIPSO.c:
    compareRegriddedCALIPSO                                28      5      9
    compareRegriddedXDR                                    67      7      6
    computeLayers                                          13      3      1
    countCALIPSOPoints                                     17      4      2
    deallocateCALIPSO                                       8      1      3
    dispatcher                                             29      4      2
    isValidCALIPSO                                         66      1      1
    readProfileData                                        39      7     10
    readProfileDataForTimestamp                            35      4      3
    readRegriddedXDR                                       49     11     10
    readRegriddedXDRData                                   52     11      9
    readXDRData                                            40      9      9
    readXDRHeader                                          36     10      7
    regridCALIPSO                                         105      9     14
    skipProfileDataBeforeTimestamp                         40      5      7
    ~~~~~~~~~~~~~~~~~~~~~~~~~~~~~~Totals:                1236    172    196
    translateCALIPSO                                       54      7     12
    writeASCII                                             31      5      8
    writeASCIIData                                         64      7      8
    writeCOARDS                                            21      3      5
    writeCOARDSData                                        42      4      5
    writeCOARDSHeader                                      53      9      8
    writeRegriddedASCII                                    69      8     10
    writeRegriddedCOARDS                                   28      3      5
    writeRegriddedCOARDSData                               37      7      6
    writeRegriddedCOARDSHeader                             40      8      6
    writeRegriddedIOAPI                                    33      3      8
    writeRegriddedIOAPIData                                53      6     12
    writeRegriddedIOAPIHeader                              30      1     10
    writeRegriddedXDR                                      57     10     10
CMAQ.c:
    computeElevations                                      17      3      3
    computeLonLats                                         27      4      4
    deallocateCMAQ                                          6      1      3
    dispatcher                                             30      5      2
    isValidCMAQ                                            14      1      1
    parseLevels                                            24      3      5
    readGrid                                               74      9      8
    readProjector                                          97     13      7
    readXDR                                                89     15     13
    ~~~~~~~~~~~~~~~~~~~~~~~~~~~~~~Totals:                 782    113    113
    translateCMAQ                                          15      3      7
    writeASCII                                            115     15     22
    writeCOARDS                                            20      3      5
    writeCOARDSHeader                                      61     11      5
    writeComputedCoordinates                               59     11      8
    writeIOAPI                                             18      3      5
    writeIOAPIHeader                                       54      5     10
    writeNetCDFData                                        62      8      8
fdd.c:
    allocate                                               27      4      7
    asciiParser                                            39      4      2
    buffered_fwrite                                        20      5      3
    cbsParser                                              21      4      3
    checkWordSizes                                         23      5      4
    convParser                                             26      8      4
    countParser                                            11      2      4
    deallocate                                             16      4      5
    failure                                                16      2      6
    ifParser                                               15      3      3
    invariant                                              15      1      2
    iseekParser                                            10      2      3
    main                                                   14      2      4
    ofParser                                               25      5      4
    oseekParser                                            10      2      3
    PRINTER                                                 6      1      0
    Printer                                                 9      1      2
    processAll                                             34      7      7
    processArgument                                        24      5      4
    processArguments                                       25      3      5
    processFiles                                           18      5      6
    processSubset                                          25      5      7
    readASCII                                              37      6      7
    readASCIIInteger                                       30      3      8
    readASCIIReal                                          30      3      8
    seekFile                                               28      6      5
    seekFiles                                              17      4      3
    skipWhitespace                                          9      2      1
    Storer                                                 10      1      1
    STORER                                                  7      1      0
    swapper2                                               19      2      2
    swapper4                                               22      2      2
    swapper8                                               26      2      2
    toInteger                                              25      5      5
    toReal                                                 23      5      5
    toSizet                                                28      6      5
    ~~~~~~~~~~~~~~~~~~~~~~~~~~~~~~Totals:                 840    131    141
    usage                                                  83      1      2
    writeASCII                                             17      2      3
GASP.c:
    compareRegriddedGASP                                   29      5      9
    compareRegriddedXDR                                    69      7      7
    countGASPPoints                                        10      2      3
    deallocateGASP                                         11      2      3
    dispatcher                                             25      4      2
    isValidGASP                                            58      1      1
    readRegriddedXDR                                       44     11     10
    readRegriddedXDRData                                   35      9      8
    readScanData                                           20      3      6
    readScanDataForTimestamp                               27      4      2
    readXDR                                                32      9      7
    readXDRData                                            25      6      7
    regridGASP                                             61      7      8
    ~~~~~~~~~~~~~~~~~~~~~~~~~~~~~~Totals:                 932    151    167
    translateGASP                                          23      5      8
    writeASCII                                             17      4      8
    writeASCIIData                                         46      8      6
    writeASCIIHeader                                       23      5      2
    writeCOARDS                                            17      3      5
    writeCOARDSData                                        33      4      4
    writeCOARDSHeader                                      39      7      7
    writeRegriddedASCII                                    54      7      8
    writeRegriddedCOARDS                                   17      3      5
    writeRegriddedCOARDSData                               26      6      4
    writeRegriddedCOARDSHeader                             31      6      5
    writeRegriddedIOAPI                                    17      3      5
    writeRegriddedIOAPIData                                41      5     10
    writeRegriddedIOAPIHeader                              23      1      8
    writeRegriddedMCMC                                     37      6      6
    writeRegriddedXDR                                      42      8      9
Grid.c:
    compareRegriddedGrid                                   28      5     10
    compareRegriddedXDR                                    60      5      6
    computeBounds                                          26      6      2
    deallocateData                                          9      1      3
    dispatcher                                             24      4      2
    isValidData                                            30      1      1
    isVectorVariable                                       10      1      3
    readRegriddedXDR                                       31      9      9
    readRegriddedXDRData                                   30      7      8
    readVariablesAndUnits2                                 45     10      9
    readXDR                                                44      8     12
    readXDRData                                            32      6      8
    regridData                                             56      6      9
    ~~~~~~~~~~~~~~~~~~~~~~~~~~~~~~Totals:                1024    158    192
    translateGrid                                          58      8     13
    writeASCII                                             69      9     10
    writeCOARDS                                            17      3      5
    writeCOARDSData                                        57     10     11
    writeCOARDSHeader                                      39      7      6
    writeRegriddedASCII                                    81      9     11
    writeRegriddedCOARDS                                   20      3      5
    writeRegriddedCOARDSData                               37      8      6
    writeRegriddedCOARDSHeader                             41      9      7
    writeRegriddedIOAPI                                    21      3      5
    writeRegriddedIOAPIData                                56      7     12
    writeRegriddedIOAPIHeader                              35      2     10
    writeRegriddedXDR                                      68     11     11
Helpers.c:
    absoluteDifference                                      7      1      3
    aggregateData                                          54      6     13
    aggregateName                                          38      6      8
    appendToLine                                           10      2      5
    compareCells                                            7      1      0
    compareFunction                                        13      3      2
    compareFunctionNameUnits                               25      7     10
    compress64BitIntegerValues                              9      2      2
    convertFunction                                        13      3      2
    copyAggregatedData                                     35      7      5
    copyToStdout                                           23      5      9
    difference                                              6      1      4
    expandNotes                                            12      2      5
    expandRegriddedNotes                                   12      2      5
    expandString                                           13      3      4
    fractionalHours                                        21      4      3
    initializeCells                                        11      2      0
    percentDifference                                      12      1      6
    ratio                                                   9      1      4
    readDimensions                                         30      7      8
    readDomain                                             22      2      5
    readMatchedLine                                        15      3      6
    readMatchedLine2                                       19      4      6
    readNotes                                              13      3      5
    readReal                                               17      3      5
    readRegriddedNotes                                     13      3      5
    readSubsetIndices                                      35      8      8
    readTimestamp                                          15      4      6
    readTimestamps                                         29      7      6
    readVariablesAndUnits                                  38     10      7
    removeTrailingNewline                                   8      2      2
    replace                                                 5      1      2
    replaceMissingValues                                   10      3      2
    replicateIntValue                                       8      2      2
    replicateRealValue                                      8      2      2
    scale                                                   7      2      2
    scaledOffset                                            9      1      5
    skipInputLines                                         15      3      3
    skipWords                                              25      8      1
    streamFile                                             29      7     10
    sum                                                     9      2      1
    timeData                                               12      3      3
    ~~~~~~~~~~~~~~~~~~~~~~~~~~~~~~Totals:                 761    159    188
    underscoreToSpace                                      10      3      2
    wordsInString                                          20      5      2
    writeRegriddedNotes                                    10      2      5
Helpers.h:
    ~~~~~~~~~~~~~~~~~~~~~~~~~~~~~~Totals:                   0      0      0
M3IO.c:
    copyDataToGrid                                         22      4      3
    copyDataToGrid3                                        20      3      3
    copyIntDataToGrid                                      22      4      2
    ~~~~~~~~~~~~~~~~~~~~~~~~~~~~~~Totals:                 488     55     88
    writeM3IOAttributes                                   114      3     25
    writeM3IOData                                          58     10     11
    writeM3IODimensions                                    23      2      3
    writeM3IOGrid                                          71     11     13
    writeM3IOHeader                                        33      4     12
    writeM3IOTFLAG                                         45      6     10
    writeM3IOVariables                                     57      5      8
    writeVarListAttribute                                  23      3      8
M3IO.h:
    ~~~~~~~~~~~~~~~~~~~~~~~~~~~~~~Totals:                   0      0      0
netcdf.h:
    ~~~~~~~~~~~~~~~~~~~~~~~~~~~~~~Totals:                   0      0      0
NetCDFUtilities.c:
    createCRSVariable                                      31      8      6
    createDimensions                                       24      4      6
    createLongitudeAndLatitude                              9      1      3
    createNetCDFFile                                       17      3      6
    createVariable                                         32      7      7
    ~~~~~~~~~~~~~~~~~~~~~~~~~~~~~~Totals:                 501     81    114
    writeAllCharData                                       25      3      5
    writeAllData                                           30      3      6
    writeAllIntData                                        31      3      6
    writeExtraAttributes                                   24      7      2
    writeIntegerAttribute                                  12      2      6
    writeRealArrayAttribute                                29      5      9
    writeRealAttribute                                     19      3      7
    writeSomeData                                          31      3      7
    writeSomeIntData                                       28      3      6
    writeSomeIntegerData                                   12      1      3
    writeStandardContents                                  65     12     14
    writeTextAttribute                                     10      2      5
    writeTimeData1                                         33      7      7
    writeTimeData                                          39      4      6
NetCDFUtilities.h:
    ~~~~~~~~~~~~~~~~~~~~~~~~~~~~~~Totals:                   0      0      0
Parameters.h:
    ~~~~~~~~~~~~~~~~~~~~~~~~~~~~~~Totals:                   0      0      0
Point.c:
    compareRegriddedPoint                                  28      5     10
    compareRegriddedXDR                                    61      5      6
    computeBounds                                          26      6      2
    deallocateData                                          9      1      3
    dispatcher                                             24      4      2
    isValidData                                            49      2      2
    isVectorVariable                                       10      1      3
    pointsMatchingHour                                     23      5      3
    readRegriddedXDR                                       30      9      9
    readRegriddedXDRData                                   30      7      8
    readVariablesAndUnits2                                 45     10      9
    readXDR                                                63     13     15
    readXDRData                                            24      6      8
    regridData                                             71      6      9
    ~~~~~~~~~~~~~~~~~~~~~~~~~~~~~~Totals:                1262    192    210
    translatePoint                                         58      8     13
    writeASCII                                             73     12      8
    writeCOARDS                                            18      3      6
    writeCOARDSData                                        51      9      7
    writeCOARDSHeader                                      53      9      8
    writeConvertedTimeData                                 42      5     11
    writeRegriddedASCII                                   109     11     12
    writeRegriddedCOARDS                                   19      3      5
    writeRegriddedCOARDSData                               54     10      6
    writeRegriddedCOARDSHeader                             58     11      7
    writeRegriddedIOAPI                                    21      3      5
    writeRegriddedIOAPIData                                81     10     12
    writeRegriddedIOAPIHeader                              43      2     11
    writeRegriddedXDR                                      89     16     12
Profile.c:
    compareRegriddedProfile                                26      5      9
    compareRegriddedXDR                                    64      6      6
    copyDataForTimestamp                                   40      4      6
    deallocateProfile                                       8      1      3
    dispatcher                                             24      4      2
    isValidProfile                                         84      4      4
    readRegriddedXDR                                       44     11     10
    readRegriddedXDRData                                   38      9      8
    readXDR                                                34      9      7
    readXDRData                                            24      6      8
    regridProfile                                          65      5      8
    ~~~~~~~~~~~~~~~~~~~~~~~~~~~~~~Totals:                1065    154    175
    translateProfile                                       53      7     12
    writeASCII                                             13      3      6
    writeASCIIData                                         42      7      6
    writeASCIIHeader                                       23      5      2
    writeCOARDS                                            17      3      5
    writeCOARDSData                                        80      9     10
    writeCOARDSHeader                                      45      9      7
    writeRegriddedASCII                                    68      7      9
    writeRegriddedCOARDS                                   19      3      5
    writeRegriddedCOARDSData                               41      8      5
    writeRegriddedCOARDSHeader                             45      9      6
    writeRegriddedIOAPI                                    21      3      5
    writeRegriddedIOAPIData                                61      6     12
    writeRegriddedIOAPIHeader                              31      1     10
    writeRegriddedXDR                                      55     10     10
Site.c:
    compactIntegerData                                     12      3      3
    compactRealData                                        12      3      3
    compareRegriddedSite                                   29      5     10
    compareRegriddedXDR                                    52      5      6
    copy2                                                  10      2      2
    deallocateSite                                         13      2      3
    dispatcher                                             24      4      2
    isValidSite                                            56      1      1
    isVectorVariable                                       10      1      3
    readRegriddedXDR                                       44     11     11
    readRegriddedXDRData                                   33      8      9
    readVariablesAndUnits2                                 45     10      9
    readXDR                                                24      7      6
    readXDRData                                            31      8      8
    regridSite                                             91      5     10
    ~~~~~~~~~~~~~~~~~~~~~~~~~~~~~~Totals:                1072    163    190
    translateSite                                          59      8     13
    writeASCII                                             67      9     10
    writeCOARDS                                            19      3      5
    writeCOARDSData                                        41      8      7
    writeCOARDSHeader                                      35      7      5
    writeRegriddedASCII                                    81      9     11
    writeRegriddedCOARDS                                   19      3      5
    writeRegriddedCOARDSData                               41      8      6
    writeRegriddedCOARDSHeader                             41      9      7
    writeRegriddedIOAPI                                    21      3      5
    writeRegriddedIOAPIData                                56      7     10
    writeRegriddedIOAPIHeader                              40      3     11
    writeRegriddedXDR                                      66     11     11
Swath.c:
    ~~~~~~~~~~~~~~~~~~~~~~~~~~~~~~Totals:                   0      0      0
Utilities.c:
    defined                                                 5      1      0
    eraseQuotedCommasAndQuotesAndBrackets                  25      2      1
    fileSize                                               12      3      2
    indexOfWord                                            31      9      3
    isDirectory                                            13      2      3
    isLeapYear                                              4      3      0
    isValidBounds                                          12      5      1
    isValidYYYYMMDDHH                                      14      4      2
    isValidYYYYMMDDHHMMSS                                  11      5      1
    my_timegm                                              15      2      5
    nextLine                                               22      4      2
    parseOption                                            53     13      4
    parseOptions                                           36     12      3
    parseOptionValue                                      116     19     11
    readFile                                               44      9      9
    rotate8ByteArrayIfLittleEndian                         20      2      1
    secondsSince1970                                       21      1      2
    secondsToYYYYMMDDHHMMSS                                26      2      1
    ~~~~~~~~~~~~~~~~~~~~~~~~~~~~~~Totals:                 480     98     40
XDRConvert.c:
    deallocateParameters                                   13      3      6
    findTranslator                                         17      4      3
    guessTmpDir                                            24      4      1
    isValidParameters                                      36      1      2
    main                                                   52     12     13
    parseAggregate                                         14      3      4
    parseCompare                                           17      3      7
    parseFormat                                            21      3      5
    parseGridFromXDRHeader                                 72      8     11
    parseParameters                                        25      7      9
    parseProjectorFromXDRHeader                            93     11      9
    parseRegrid                                            39      6      8
    parseTmpdir                                            24      4      6
    printUsage                                             60      1      2
    readCMAQXDR                                            12      3      6
    readCMAQXDRData                                        29      5      6
    readCMAQXDRHeader                                      78     12     11
    temporaryFileName                                       8      1      6
    ~~~~~~~~~~~~~~~~~~~~~~~~~~~~~~Totals:                 634     91    104
 
    ALL:                                                19731   3060   3651
 
